

Building a new DB, current time: 06/08/2025 18:57:28
New DB name:   C:\Users\Kriti\Desktop\Prof. Xuan lab work\Roary python files\py files\command_line\output\blast_final_results\db_ECOR47_PROKKA
New DB title:  ./data/input/genome_fasta_files/ECOR47_PROKKA.fasta
Sequence type: Nucleotide
Keep MBits: T
Maximum file size: 3000000000B
Adding sequences from FASTA; added 66 sequences in 0.0282705 seconds.


BLAST Database error: Database memory map file error


Building a new DB, current time: 06/08/2025 19:03:34
New DB name:   C:\Users\Kriti\Desktop\Prof. Xuan lab work\Roary python files\py files\command_line\output\blast_final_results\db_ECOR47_PROKKA
New DB title:  ./data/input/genome_fasta_files/ECOR47_PROKKA.fasta
Sequence type: Nucleotide
Deleted existing Nucleotide BLAST database named C:\Users\Kriti\Desktop\Prof. Xuan lab work\Roary python files\py files\command_line\output\blast_final_results\db_ECOR47_PROKKA
Keep MBits: T
Maximum file size: 3000000000B
Adding sequences from FASTA; added 66 sequences in 0.027706 seconds.


BLAST Database error: Database memory map file error


Building a new DB, current time: 06/08/2025 19:03:36
New DB name:   C:\Users\Kriti\Desktop\Prof. Xuan lab work\Roary python files\py files\command_line\output\blast_final_results\db_ECOR47_PROKKA
New DB title:  ./data/input/genome_fasta_files/ECOR47_PROKKA.fasta
Sequence type: Nucleotide
Deleted existing Nucleotide BLAST database named C:\Users\Kriti\Desktop\Prof. Xuan lab work\Roary python files\py files\command_line\output\blast_final_results\db_ECOR47_PROKKA
Keep MBits: T
Maximum file size: 3000000000B
Adding sequences from FASTA; added 66 sequences in 0.0229862 seconds.


BLAST Database error: Database memory map file error


Building a new DB, current time: 06/08/2025 19:03:40
New DB name:   C:\Users\Kriti\Desktop\Prof. Xuan lab work\Roary python files\py files\command_line\output\blast_final_results\db_ECOR47_PROKKA
New DB title:  ./data/input/genome_fasta_files/ECOR47_PROKKA.fasta
Sequence type: Nucleotide
Deleted existing Nucleotide BLAST database named C:\Users\Kriti\Desktop\Prof. Xuan lab work\Roary python files\py files\command_line\output\blast_final_results\db_ECOR47_PROKKA
Keep MBits: T
Maximum file size: 3000000000B
Adding sequences from FASTA; added 66 sequences in 0.0286756 seconds.


BLAST Database error: Database memory map file error


Building a new DB, current time: 06/08/2025 19:03:43
New DB name:   C:\Users\Kriti\Desktop\Prof. Xuan lab work\Roary python files\py files\command_line\output\blast_final_results\db_ECOR47_PROKKA
New DB title:  ./data/input/genome_fasta_files/ECOR47_PROKKA.fasta
Sequence type: Nucleotide
Deleted existing Nucleotide BLAST database named C:\Users\Kriti\Desktop\Prof. Xuan lab work\Roary python files\py files\command_line\output\blast_final_results\db_ECOR47_PROKKA
Keep MBits: T
Maximum file size: 3000000000B
Adding sequences from FASTA; added 66 sequences in 0.0212444 seconds.


BLAST Database error: Database memory map file error


Building a new DB, current time: 06/08/2025 19:03:45
New DB name:   C:\Users\Kriti\Desktop\Prof. Xuan lab work\Roary python files\py files\command_line\output\blast_final_results\db_ECOR47_PROKKA
New DB title:  ./data/input/genome_fasta_files/ECOR47_PROKKA.fasta
Sequence type: Nucleotide
Deleted existing Nucleotide BLAST database named C:\Users\Kriti\Desktop\Prof. Xuan lab work\Roary python files\py files\command_line\output\blast_final_results\db_ECOR47_PROKKA
Keep MBits: T
Maximum file size: 3000000000B
Adding sequences from FASTA; added 66 sequences in 0.0261712 seconds.


BLAST Database error: Database memory map file error


Building a new DB, current time: 06/08/2025 19:03:46
New DB name:   C:\Users\Kriti\Desktop\Prof. Xuan lab work\Roary python files\py files\command_line\output\blast_final_results\db_ECOR47_PROKKA
New DB title:  ./data/input/genome_fasta_files/ECOR47_PROKKA.fasta
Sequence type: Nucleotide
Deleted existing Nucleotide BLAST database named C:\Users\Kriti\Desktop\Prof. Xuan lab work\Roary python files\py files\command_line\output\blast_final_results\db_ECOR47_PROKKA
Keep MBits: T
Maximum file size: 3000000000B
Adding sequences from FASTA; added 66 sequences in 0.0327036 seconds.


BLAST Database error: Database memory map file error


Building a new DB, current time: 06/08/2025 19:03:49
New DB name:   C:\Users\Kriti\Desktop\Prof. Xuan lab work\Roary python files\py files\command_line\output\blast_final_results\db_ECOR47_PROKKA
New DB title:  ./data/input/genome_fasta_files/ECOR47_PROKKA.fasta
Sequence type: Nucleotide
Deleted existing Nucleotide BLAST database named C:\Users\Kriti\Desktop\Prof. Xuan lab work\Roary python files\py files\command_line\output\blast_final_results\db_ECOR47_PROKKA
Keep MBits: T
Maximum file size: 3000000000B
Adding sequences from FASTA; added 66 sequences in 0.0207208 seconds.


BLAST Database error: Database memory map file error


Building a new DB, current time: 06/08/2025 19:03:51
New DB name:   C:\Users\Kriti\Desktop\Prof. Xuan lab work\Roary python files\py files\command_line\output\blast_final_results\db_ECOR47_PROKKA
New DB title:  ./data/input/genome_fasta_files/ECOR47_PROKKA.fasta
Sequence type: Nucleotide
Deleted existing Nucleotide BLAST database named C:\Users\Kriti\Desktop\Prof. Xuan lab work\Roary python files\py files\command_line\output\blast_final_results\db_ECOR47_PROKKA
Keep MBits: T
Maximum file size: 3000000000B
Adding sequences from FASTA; added 66 sequences in 0.0325548 seconds.


BLAST Database error: Database memory map file error


Building a new DB, current time: 06/08/2025 19:03:54
New DB name:   C:\Users\Kriti\Desktop\Prof. Xuan lab work\Roary python files\py files\command_line\output\blast_final_results\db_ECOR47_PROKKA
New DB title:  ./data/input/genome_fasta_files/ECOR47_PROKKA.fasta
Sequence type: Nucleotide
Deleted existing Nucleotide BLAST database named C:\Users\Kriti\Desktop\Prof. Xuan lab work\Roary python files\py files\command_line\output\blast_final_results\db_ECOR47_PROKKA
Keep MBits: T
Maximum file size: 3000000000B
Adding sequences from FASTA; added 66 sequences in 0.0235349 seconds.


BLAST Database error: Database memory map file error


Building a new DB, current time: 06/08/2025 19:03:55
New DB name:   C:\Users\Kriti\Desktop\Prof. Xuan lab work\Roary python files\py files\command_line\output\blast_final_results\db_ECOR47_PROKKA
New DB title:  ./data/input/genome_fasta_files/ECOR47_PROKKA.fasta
Sequence type: Nucleotide
Deleted existing Nucleotide BLAST database named C:\Users\Kriti\Desktop\Prof. Xuan lab work\Roary python files\py files\command_line\output\blast_final_results\db_ECOR47_PROKKA
Keep MBits: T
Maximum file size: 3000000000B
Adding sequences from FASTA; added 66 sequences in 0.0231336 seconds.


BLAST Database error: Database memory map file error


Building a new DB, current time: 06/08/2025 19:03:57
New DB name:   C:\Users\Kriti\Desktop\Prof. Xuan lab work\Roary python files\py files\command_line\output\blast_final_results\db_ECOR47_PROKKA
New DB title:  ./data/input/genome_fasta_files/ECOR47_PROKKA.fasta
Sequence type: Nucleotide
Deleted existing Nucleotide BLAST database named C:\Users\Kriti\Desktop\Prof. Xuan lab work\Roary python files\py files\command_line\output\blast_final_results\db_ECOR47_PROKKA
Keep MBits: T
Maximum file size: 3000000000B
Adding sequences from FASTA; added 66 sequences in 0.0215659 seconds.


BLAST Database error: Database memory map file error


Building a new DB, current time: 06/08/2025 19:04:00
New DB name:   C:\Users\Kriti\Desktop\Prof. Xuan lab work\Roary python files\py files\command_line\output\blast_final_results\db_ECOR47_PROKKA
New DB title:  ./data/input/genome_fasta_files/ECOR47_PROKKA.fasta
Sequence type: Nucleotide
Deleted existing Nucleotide BLAST database named C:\Users\Kriti\Desktop\Prof. Xuan lab work\Roary python files\py files\command_line\output\blast_final_results\db_ECOR47_PROKKA
Keep MBits: T
Maximum file size: 3000000000B
Adding sequences from FASTA; added 66 sequences in 0.0318332 seconds.


BLAST Database error: Database memory map file error


Building a new DB, current time: 06/08/2025 19:04:02
New DB name:   C:\Users\Kriti\Desktop\Prof. Xuan lab work\Roary python files\py files\command_line\output\blast_final_results\db_ECOR47_PROKKA
New DB title:  ./data/input/genome_fasta_files/ECOR47_PROKKA.fasta
Sequence type: Nucleotide
Deleted existing Nucleotide BLAST database named C:\Users\Kriti\Desktop\Prof. Xuan lab work\Roary python files\py files\command_line\output\blast_final_results\db_ECOR47_PROKKA
Keep MBits: T
Maximum file size: 3000000000B
Adding sequences from FASTA; added 66 sequences in 0.0218544 seconds.


BLAST Database error: Database memory map file error


Building a new DB, current time: 06/08/2025 19:04:05
New DB name:   C:\Users\Kriti\Desktop\Prof. Xuan lab work\Roary python files\py files\command_line\output\blast_final_results\db_ECOR47_PROKKA
New DB title:  ./data/input/genome_fasta_files/ECOR47_PROKKA.fasta
Sequence type: Nucleotide
Deleted existing Nucleotide BLAST database named C:\Users\Kriti\Desktop\Prof. Xuan lab work\Roary python files\py files\command_line\output\blast_final_results\db_ECOR47_PROKKA
Keep MBits: T
Maximum file size: 3000000000B
Adding sequences from FASTA; added 66 sequences in 0.0259446 seconds.


BLAST Database error: Database memory map file error


Building a new DB, current time: 06/08/2025 19:04:09
New DB name:   C:\Users\Kriti\Desktop\Prof. Xuan lab work\Roary python files\py files\command_line\output\blast_final_results\db_ECOR47_PROKKA
New DB title:  ./data/input/genome_fasta_files/ECOR47_PROKKA.fasta
Sequence type: Nucleotide
Deleted existing Nucleotide BLAST database named C:\Users\Kriti\Desktop\Prof. Xuan lab work\Roary python files\py files\command_line\output\blast_final_results\db_ECOR47_PROKKA
Keep MBits: T
Maximum file size: 3000000000B
Adding sequences from FASTA; added 66 sequences in 0.0253344 seconds.


BLAST Database error: Database memory map file error


Building a new DB, current time: 06/08/2025 19:04:10
New DB name:   C:\Users\Kriti\Desktop\Prof. Xuan lab work\Roary python files\py files\command_line\output\blast_final_results\db_ECOR47_PROKKA
New DB title:  ./data/input/genome_fasta_files/ECOR47_PROKKA.fasta
Sequence type: Nucleotide
Deleted existing Nucleotide BLAST database named C:\Users\Kriti\Desktop\Prof. Xuan lab work\Roary python files\py files\command_line\output\blast_final_results\db_ECOR47_PROKKA
Keep MBits: T
Maximum file size: 3000000000B
Adding sequences from FASTA; added 66 sequences in 0.0223843 seconds.


BLAST Database error: Database memory map file error


Building a new DB, current time: 06/08/2025 19:04:12
New DB name:   C:\Users\Kriti\Desktop\Prof. Xuan lab work\Roary python files\py files\command_line\output\blast_final_results\db_ECOR47_PROKKA
New DB title:  ./data/input/genome_fasta_files/ECOR47_PROKKA.fasta
Sequence type: Nucleotide
Deleted existing Nucleotide BLAST database named C:\Users\Kriti\Desktop\Prof. Xuan lab work\Roary python files\py files\command_line\output\blast_final_results\db_ECOR47_PROKKA
Keep MBits: T
Maximum file size: 3000000000B
Adding sequences from FASTA; added 66 sequences in 0.0220755 seconds.


BLAST Database error: Database memory map file error


Building a new DB, current time: 06/08/2025 19:04:15
New DB name:   C:\Users\Kriti\Desktop\Prof. Xuan lab work\Roary python files\py files\command_line\output\blast_final_results\db_ECOR47_PROKKA
New DB title:  ./data/input/genome_fasta_files/ECOR47_PROKKA.fasta
Sequence type: Nucleotide
Deleted existing Nucleotide BLAST database named C:\Users\Kriti\Desktop\Prof. Xuan lab work\Roary python files\py files\command_line\output\blast_final_results\db_ECOR47_PROKKA
Keep MBits: T
Maximum file size: 3000000000B
Adding sequences from FASTA; added 66 sequences in 0.0199998 seconds.


BLAST Database error: Database memory map file error


Building a new DB, current time: 06/08/2025 19:04:17
New DB name:   C:\Users\Kriti\Desktop\Prof. Xuan lab work\Roary python files\py files\command_line\output\blast_final_results\db_ECOR47_PROKKA
New DB title:  ./data/input/genome_fasta_files/ECOR47_PROKKA.fasta
Sequence type: Nucleotide
Deleted existing Nucleotide BLAST database named C:\Users\Kriti\Desktop\Prof. Xuan lab work\Roary python files\py files\command_line\output\blast_final_results\db_ECOR47_PROKKA
Keep MBits: T
Maximum file size: 3000000000B
Adding sequences from FASTA; added 66 sequences in 0.0205897 seconds.


BLAST Database error: Database memory map file error


Building a new DB, current time: 06/08/2025 19:04:19
New DB name:   C:\Users\Kriti\Desktop\Prof. Xuan lab work\Roary python files\py files\command_line\output\blast_final_results\db_ECOR47_PROKKA
New DB title:  ./data/input/genome_fasta_files/ECOR47_PROKKA.fasta
Sequence type: Nucleotide
Deleted existing Nucleotide BLAST database named C:\Users\Kriti\Desktop\Prof. Xuan lab work\Roary python files\py files\command_line\output\blast_final_results\db_ECOR47_PROKKA
Keep MBits: T
Maximum file size: 3000000000B
Adding sequences from FASTA; added 66 sequences in 0.0193057 seconds.


BLAST Database error: Database memory map file error


Building a new DB, current time: 06/08/2025 19:04:20
New DB name:   C:\Users\Kriti\Desktop\Prof. Xuan lab work\Roary python files\py files\command_line\output\blast_final_results\db_ECOR47_PROKKA
New DB title:  ./data/input/genome_fasta_files/ECOR47_PROKKA.fasta
Sequence type: Nucleotide
Deleted existing Nucleotide BLAST database named C:\Users\Kriti\Desktop\Prof. Xuan lab work\Roary python files\py files\command_line\output\blast_final_results\db_ECOR47_PROKKA
Keep MBits: T
Maximum file size: 3000000000B
Adding sequences from FASTA; added 66 sequences in 0.0209689 seconds.


BLAST Database error: Database memory map file error


Building a new DB, current time: 06/08/2025 19:04:23
New DB name:   C:\Users\Kriti\Desktop\Prof. Xuan lab work\Roary python files\py files\command_line\output\blast_final_results\db_ECOR47_PROKKA
New DB title:  ./data/input/genome_fasta_files/ECOR47_PROKKA.fasta
Sequence type: Nucleotide
Deleted existing Nucleotide BLAST database named C:\Users\Kriti\Desktop\Prof. Xuan lab work\Roary python files\py files\command_line\output\blast_final_results\db_ECOR47_PROKKA
Keep MBits: T
Maximum file size: 3000000000B
Adding sequences from FASTA; added 66 sequences in 0.0349555 seconds.


BLAST Database error: Database memory map file error


Building a new DB, current time: 06/08/2025 19:04:25
New DB name:   C:\Users\Kriti\Desktop\Prof. Xuan lab work\Roary python files\py files\command_line\output\blast_final_results\db_ECOR47_PROKKA
New DB title:  ./data/input/genome_fasta_files/ECOR47_PROKKA.fasta
Sequence type: Nucleotide
Deleted existing Nucleotide BLAST database named C:\Users\Kriti\Desktop\Prof. Xuan lab work\Roary python files\py files\command_line\output\blast_final_results\db_ECOR47_PROKKA
Keep MBits: T
Maximum file size: 3000000000B
Adding sequences from FASTA; added 66 sequences in 0.0308101 seconds.


BLAST Database error: Database memory map file error


Building a new DB, current time: 06/08/2025 19:04:28
New DB name:   C:\Users\Kriti\Desktop\Prof. Xuan lab work\Roary python files\py files\command_line\output\blast_final_results\db_ECOR47_PROKKA
New DB title:  ./data/input/genome_fasta_files/ECOR47_PROKKA.fasta
Sequence type: Nucleotide
Deleted existing Nucleotide BLAST database named C:\Users\Kriti\Desktop\Prof. Xuan lab work\Roary python files\py files\command_line\output\blast_final_results\db_ECOR47_PROKKA
Keep MBits: T
Maximum file size: 3000000000B
Adding sequences from FASTA; added 66 sequences in 0.022437 seconds.


BLAST Database error: Database memory map file error


Building a new DB, current time: 06/08/2025 19:04:30
New DB name:   C:\Users\Kriti\Desktop\Prof. Xuan lab work\Roary python files\py files\command_line\output\blast_final_results\db_ECOR47_PROKKA
New DB title:  ./data/input/genome_fasta_files/ECOR47_PROKKA.fasta
Sequence type: Nucleotide
Deleted existing Nucleotide BLAST database named C:\Users\Kriti\Desktop\Prof. Xuan lab work\Roary python files\py files\command_line\output\blast_final_results\db_ECOR47_PROKKA
Keep MBits: T
Maximum file size: 3000000000B
Adding sequences from FASTA; added 66 sequences in 0.0262578 seconds.


BLAST Database error: Database memory map file error


Building a new DB, current time: 06/08/2025 19:04:33
New DB name:   C:\Users\Kriti\Desktop\Prof. Xuan lab work\Roary python files\py files\command_line\output\blast_final_results\db_ECOR47_PROKKA
New DB title:  ./data/input/genome_fasta_files/ECOR47_PROKKA.fasta
Sequence type: Nucleotide
Deleted existing Nucleotide BLAST database named C:\Users\Kriti\Desktop\Prof. Xuan lab work\Roary python files\py files\command_line\output\blast_final_results\db_ECOR47_PROKKA
Keep MBits: T
Maximum file size: 3000000000B
Adding sequences from FASTA; added 66 sequences in 0.020614 seconds.


BLAST Database error: Database memory map file error


Building a new DB, current time: 06/08/2025 19:04:37
New DB name:   C:\Users\Kriti\Desktop\Prof. Xuan lab work\Roary python files\py files\command_line\output\blast_final_results\db_ECOR47_PROKKA
New DB title:  ./data/input/genome_fasta_files/ECOR47_PROKKA.fasta
Sequence type: Nucleotide
Deleted existing Nucleotide BLAST database named C:\Users\Kriti\Desktop\Prof. Xuan lab work\Roary python files\py files\command_line\output\blast_final_results\db_ECOR47_PROKKA
Keep MBits: T
Maximum file size: 3000000000B
Adding sequences from FASTA; added 66 sequences in 0.0240819 seconds.


BLAST Database error: Database memory map file error


Building a new DB, current time: 06/08/2025 19:04:39
New DB name:   C:\Users\Kriti\Desktop\Prof. Xuan lab work\Roary python files\py files\command_line\output\blast_final_results\db_ECOR47_PROKKA
New DB title:  ./data/input/genome_fasta_files/ECOR47_PROKKA.fasta
Sequence type: Nucleotide
Deleted existing Nucleotide BLAST database named C:\Users\Kriti\Desktop\Prof. Xuan lab work\Roary python files\py files\command_line\output\blast_final_results\db_ECOR47_PROKKA
Keep MBits: T
Maximum file size: 3000000000B
Adding sequences from FASTA; added 66 sequences in 0.0221716 seconds.


BLAST Database error: Database memory map file error


Building a new DB, current time: 06/08/2025 19:04:41
New DB name:   C:\Users\Kriti\Desktop\Prof. Xuan lab work\Roary python files\py files\command_line\output\blast_final_results\db_ECOR47_PROKKA
New DB title:  ./data/input/genome_fasta_files/ECOR47_PROKKA.fasta
Sequence type: Nucleotide
Deleted existing Nucleotide BLAST database named C:\Users\Kriti\Desktop\Prof. Xuan lab work\Roary python files\py files\command_line\output\blast_final_results\db_ECOR47_PROKKA
Keep MBits: T
Maximum file size: 3000000000B
Adding sequences from FASTA; added 66 sequences in 0.0204922 seconds.


BLAST Database error: Database memory map file error


Building a new DB, current time: 06/08/2025 19:04:44
New DB name:   C:\Users\Kriti\Desktop\Prof. Xuan lab work\Roary python files\py files\command_line\output\blast_final_results\db_ECOR47_PROKKA
New DB title:  ./data/input/genome_fasta_files/ECOR47_PROKKA.fasta
Sequence type: Nucleotide
Deleted existing Nucleotide BLAST database named C:\Users\Kriti\Desktop\Prof. Xuan lab work\Roary python files\py files\command_line\output\blast_final_results\db_ECOR47_PROKKA
Keep MBits: T
Maximum file size: 3000000000B
Adding sequences from FASTA; added 66 sequences in 0.026114 seconds.


BLAST Database error: Database memory map file error


Building a new DB, current time: 06/08/2025 19:04:46
New DB name:   C:\Users\Kriti\Desktop\Prof. Xuan lab work\Roary python files\py files\command_line\output\blast_final_results\db_ECOR47_PROKKA
New DB title:  ./data/input/genome_fasta_files/ECOR47_PROKKA.fasta
Sequence type: Nucleotide
Deleted existing Nucleotide BLAST database named C:\Users\Kriti\Desktop\Prof. Xuan lab work\Roary python files\py files\command_line\output\blast_final_results\db_ECOR47_PROKKA
Keep MBits: T
Maximum file size: 3000000000B
Adding sequences from FASTA; added 66 sequences in 0.023631 seconds.


BLAST Database error: Database memory map file error


Building a new DB, current time: 06/08/2025 19:04:48
New DB name:   C:\Users\Kriti\Desktop\Prof. Xuan lab work\Roary python files\py files\command_line\output\blast_final_results\db_ECOR47_PROKKA
New DB title:  ./data/input/genome_fasta_files/ECOR47_PROKKA.fasta
Sequence type: Nucleotide
Deleted existing Nucleotide BLAST database named C:\Users\Kriti\Desktop\Prof. Xuan lab work\Roary python files\py files\command_line\output\blast_final_results\db_ECOR47_PROKKA
Keep MBits: T
Maximum file size: 3000000000B
Adding sequences from FASTA; added 66 sequences in 0.0202319 seconds.


BLAST Database error: Database memory map file error


Building a new DB, current time: 06/08/2025 19:04:50
New DB name:   C:\Users\Kriti\Desktop\Prof. Xuan lab work\Roary python files\py files\command_line\output\blast_final_results\db_ECOR47_PROKKA
New DB title:  ./data/input/genome_fasta_files/ECOR47_PROKKA.fasta
Sequence type: Nucleotide
Deleted existing Nucleotide BLAST database named C:\Users\Kriti\Desktop\Prof. Xuan lab work\Roary python files\py files\command_line\output\blast_final_results\db_ECOR47_PROKKA
Keep MBits: T
Maximum file size: 3000000000B
Adding sequences from FASTA; added 66 sequences in 0.0209395 seconds.


BLAST Database error: Database memory map file error


Building a new DB, current time: 06/08/2025 19:04:53
New DB name:   C:\Users\Kriti\Desktop\Prof. Xuan lab work\Roary python files\py files\command_line\output\blast_final_results\db_ECOR47_PROKKA
New DB title:  ./data/input/genome_fasta_files/ECOR47_PROKKA.fasta
Sequence type: Nucleotide
Deleted existing Nucleotide BLAST database named C:\Users\Kriti\Desktop\Prof. Xuan lab work\Roary python files\py files\command_line\output\blast_final_results\db_ECOR47_PROKKA
Keep MBits: T
Maximum file size: 3000000000B
Adding sequences from FASTA; added 66 sequences in 0.0232954 seconds.


BLAST Database error: Database memory map file error


Building a new DB, current time: 06/08/2025 19:04:57
New DB name:   C:\Users\Kriti\Desktop\Prof. Xuan lab work\Roary python files\py files\command_line\output\blast_final_results\db_ECOR47_PROKKA
New DB title:  ./data/input/genome_fasta_files/ECOR47_PROKKA.fasta
Sequence type: Nucleotide
Deleted existing Nucleotide BLAST database named C:\Users\Kriti\Desktop\Prof. Xuan lab work\Roary python files\py files\command_line\output\blast_final_results\db_ECOR47_PROKKA
Keep MBits: T
Maximum file size: 3000000000B
Adding sequences from FASTA; added 66 sequences in 0.0224617 seconds.


BLAST Database error: Database memory map file error


Building a new DB, current time: 06/08/2025 19:05:00
New DB name:   C:\Users\Kriti\Desktop\Prof. Xuan lab work\Roary python files\py files\command_line\output\blast_final_results\db_ECOR47_PROKKA
New DB title:  ./data/input/genome_fasta_files/ECOR47_PROKKA.fasta
Sequence type: Nucleotide
Deleted existing Nucleotide BLAST database named C:\Users\Kriti\Desktop\Prof. Xuan lab work\Roary python files\py files\command_line\output\blast_final_results\db_ECOR47_PROKKA
Keep MBits: T
Maximum file size: 3000000000B
Adding sequences from FASTA; added 66 sequences in 0.0209324 seconds.


BLAST Database error: Database memory map file error


Building a new DB, current time: 06/08/2025 19:05:04
New DB name:   C:\Users\Kriti\Desktop\Prof. Xuan lab work\Roary python files\py files\command_line\output\blast_final_results\db_ECOR47_PROKKA
New DB title:  ./data/input/genome_fasta_files/ECOR47_PROKKA.fasta
Sequence type: Nucleotide
Deleted existing Nucleotide BLAST database named C:\Users\Kriti\Desktop\Prof. Xuan lab work\Roary python files\py files\command_line\output\blast_final_results\db_ECOR47_PROKKA
Keep MBits: T
Maximum file size: 3000000000B
Adding sequences from FASTA; added 66 sequences in 0.0230098 seconds.


BLAST Database error: Database memory map file error


Building a new DB, current time: 06/08/2025 19:05:06
New DB name:   C:\Users\Kriti\Desktop\Prof. Xuan lab work\Roary python files\py files\command_line\output\blast_final_results\db_ECOR47_PROKKA
New DB title:  ./data/input/genome_fasta_files/ECOR47_PROKKA.fasta
Sequence type: Nucleotide
Deleted existing Nucleotide BLAST database named C:\Users\Kriti\Desktop\Prof. Xuan lab work\Roary python files\py files\command_line\output\blast_final_results\db_ECOR47_PROKKA
Keep MBits: T
Maximum file size: 3000000000B
Adding sequences from FASTA; added 66 sequences in 0.0197249 seconds.


BLAST Database error: Database memory map file error


Building a new DB, current time: 06/08/2025 19:05:08
New DB name:   C:\Users\Kriti\Desktop\Prof. Xuan lab work\Roary python files\py files\command_line\output\blast_final_results\db_ECOR47_PROKKA
New DB title:  ./data/input/genome_fasta_files/ECOR47_PROKKA.fasta
Sequence type: Nucleotide
Deleted existing Nucleotide BLAST database named C:\Users\Kriti\Desktop\Prof. Xuan lab work\Roary python files\py files\command_line\output\blast_final_results\db_ECOR47_PROKKA
Keep MBits: T
Maximum file size: 3000000000B
Adding sequences from FASTA; added 66 sequences in 0.0221068 seconds.


BLAST Database error: Database memory map file error


Building a new DB, current time: 06/08/2025 19:05:10
New DB name:   C:\Users\Kriti\Desktop\Prof. Xuan lab work\Roary python files\py files\command_line\output\blast_final_results\db_ECOR47_PROKKA
New DB title:  ./data/input/genome_fasta_files/ECOR47_PROKKA.fasta
Sequence type: Nucleotide
Deleted existing Nucleotide BLAST database named C:\Users\Kriti\Desktop\Prof. Xuan lab work\Roary python files\py files\command_line\output\blast_final_results\db_ECOR47_PROKKA
Keep MBits: T
Maximum file size: 3000000000B
Adding sequences from FASTA; added 66 sequences in 0.0257037 seconds.


BLAST Database error: Database memory map file error


Building a new DB, current time: 06/08/2025 19:05:12
New DB name:   C:\Users\Kriti\Desktop\Prof. Xuan lab work\Roary python files\py files\command_line\output\blast_final_results\db_ECOR47_PROKKA
New DB title:  ./data/input/genome_fasta_files/ECOR47_PROKKA.fasta
Sequence type: Nucleotide
Deleted existing Nucleotide BLAST database named C:\Users\Kriti\Desktop\Prof. Xuan lab work\Roary python files\py files\command_line\output\blast_final_results\db_ECOR47_PROKKA
Keep MBits: T
Maximum file size: 3000000000B
Adding sequences from FASTA; added 66 sequences in 0.0218387 seconds.


BLAST Database error: Database memory map file error


Building a new DB, current time: 06/08/2025 19:05:14
New DB name:   C:\Users\Kriti\Desktop\Prof. Xuan lab work\Roary python files\py files\command_line\output\blast_final_results\db_ECOR47_PROKKA
New DB title:  ./data/input/genome_fasta_files/ECOR47_PROKKA.fasta
Sequence type: Nucleotide
Deleted existing Nucleotide BLAST database named C:\Users\Kriti\Desktop\Prof. Xuan lab work\Roary python files\py files\command_line\output\blast_final_results\db_ECOR47_PROKKA
Keep MBits: T
Maximum file size: 3000000000B
Adding sequences from FASTA; added 66 sequences in 0.0226194 seconds.


BLAST Database error: Database memory map file error


Building a new DB, current time: 06/08/2025 19:05:18
New DB name:   C:\Users\Kriti\Desktop\Prof. Xuan lab work\Roary python files\py files\command_line\output\blast_final_results\db_ECOR47_PROKKA
New DB title:  ./data/input/genome_fasta_files/ECOR47_PROKKA.fasta
Sequence type: Nucleotide
Deleted existing Nucleotide BLAST database named C:\Users\Kriti\Desktop\Prof. Xuan lab work\Roary python files\py files\command_line\output\blast_final_results\db_ECOR47_PROKKA
Keep MBits: T
Maximum file size: 3000000000B
Adding sequences from FASTA; added 66 sequences in 0.0240739 seconds.


BLAST Database error: Database memory map file error


Building a new DB, current time: 06/08/2025 19:05:21
New DB name:   C:\Users\Kriti\Desktop\Prof. Xuan lab work\Roary python files\py files\command_line\output\blast_final_results\db_ECOR47_PROKKA
New DB title:  ./data/input/genome_fasta_files/ECOR47_PROKKA.fasta
Sequence type: Nucleotide
Deleted existing Nucleotide BLAST database named C:\Users\Kriti\Desktop\Prof. Xuan lab work\Roary python files\py files\command_line\output\blast_final_results\db_ECOR47_PROKKA
Keep MBits: T
Maximum file size: 3000000000B
Adding sequences from FASTA; added 66 sequences in 0.0224632 seconds.


BLAST Database error: Database memory map file error


Building a new DB, current time: 06/08/2025 19:05:22
New DB name:   C:\Users\Kriti\Desktop\Prof. Xuan lab work\Roary python files\py files\command_line\output\blast_final_results\db_ECOR47_PROKKA
New DB title:  ./data/input/genome_fasta_files/ECOR47_PROKKA.fasta
Sequence type: Nucleotide
Deleted existing Nucleotide BLAST database named C:\Users\Kriti\Desktop\Prof. Xuan lab work\Roary python files\py files\command_line\output\blast_final_results\db_ECOR47_PROKKA
Keep MBits: T
Maximum file size: 3000000000B
Adding sequences from FASTA; added 66 sequences in 0.0237006 seconds.


BLAST Database error: Database memory map file error


Building a new DB, current time: 06/08/2025 19:05:24
New DB name:   C:\Users\Kriti\Desktop\Prof. Xuan lab work\Roary python files\py files\command_line\output\blast_final_results\db_ECOR47_PROKKA
New DB title:  ./data/input/genome_fasta_files/ECOR47_PROKKA.fasta
Sequence type: Nucleotide
Deleted existing Nucleotide BLAST database named C:\Users\Kriti\Desktop\Prof. Xuan lab work\Roary python files\py files\command_line\output\blast_final_results\db_ECOR47_PROKKA
Keep MBits: T
Maximum file size: 3000000000B
Adding sequences from FASTA; added 66 sequences in 0.0383033 seconds.


BLAST Database error: Database memory map file error


Building a new DB, current time: 06/08/2025 19:05:26
New DB name:   C:\Users\Kriti\Desktop\Prof. Xuan lab work\Roary python files\py files\command_line\output\blast_final_results\db_ECOR47_PROKKA
New DB title:  ./data/input/genome_fasta_files/ECOR47_PROKKA.fasta
Sequence type: Nucleotide
Deleted existing Nucleotide BLAST database named C:\Users\Kriti\Desktop\Prof. Xuan lab work\Roary python files\py files\command_line\output\blast_final_results\db_ECOR47_PROKKA
Keep MBits: T
Maximum file size: 3000000000B
Adding sequences from FASTA; added 66 sequences in 0.0223423 seconds.


BLAST Database error: Database memory map file error


Building a new DB, current time: 06/08/2025 19:05:27
New DB name:   C:\Users\Kriti\Desktop\Prof. Xuan lab work\Roary python files\py files\command_line\output\blast_final_results\db_ECOR47_PROKKA
New DB title:  ./data/input/genome_fasta_files/ECOR47_PROKKA.fasta
Sequence type: Nucleotide
Deleted existing Nucleotide BLAST database named C:\Users\Kriti\Desktop\Prof. Xuan lab work\Roary python files\py files\command_line\output\blast_final_results\db_ECOR47_PROKKA
Keep MBits: T
Maximum file size: 3000000000B
Adding sequences from FASTA; added 66 sequences in 0.0209091 seconds.


BLAST Database error: Database memory map file error


Building a new DB, current time: 06/08/2025 19:05:29
New DB name:   C:\Users\Kriti\Desktop\Prof. Xuan lab work\Roary python files\py files\command_line\output\blast_final_results\db_ECOR47_PROKKA
New DB title:  ./data/input/genome_fasta_files/ECOR47_PROKKA.fasta
Sequence type: Nucleotide
Deleted existing Nucleotide BLAST database named C:\Users\Kriti\Desktop\Prof. Xuan lab work\Roary python files\py files\command_line\output\blast_final_results\db_ECOR47_PROKKA
Keep MBits: T
Maximum file size: 3000000000B
Adding sequences from FASTA; added 66 sequences in 0.0206254 seconds.


BLAST Database error: Database memory map file error


Building a new DB, current time: 06/08/2025 19:05:31
New DB name:   C:\Users\Kriti\Desktop\Prof. Xuan lab work\Roary python files\py files\command_line\output\blast_final_results\db_ECOR47_PROKKA
New DB title:  ./data/input/genome_fasta_files/ECOR47_PROKKA.fasta
Sequence type: Nucleotide
Deleted existing Nucleotide BLAST database named C:\Users\Kriti\Desktop\Prof. Xuan lab work\Roary python files\py files\command_line\output\blast_final_results\db_ECOR47_PROKKA
Keep MBits: T
Maximum file size: 3000000000B
Adding sequences from FASTA; added 66 sequences in 0.0232599 seconds.


BLAST Database error: Database memory map file error


Building a new DB, current time: 06/08/2025 19:05:32
New DB name:   C:\Users\Kriti\Desktop\Prof. Xuan lab work\Roary python files\py files\command_line\output\blast_final_results\db_ECOR47_PROKKA
New DB title:  ./data/input/genome_fasta_files/ECOR47_PROKKA.fasta
Sequence type: Nucleotide
Deleted existing Nucleotide BLAST database named C:\Users\Kriti\Desktop\Prof. Xuan lab work\Roary python files\py files\command_line\output\blast_final_results\db_ECOR47_PROKKA
Keep MBits: T
Maximum file size: 3000000000B
Adding sequences from FASTA; added 66 sequences in 0.0214184 seconds.


BLAST Database error: Database memory map file error


Building a new DB, current time: 06/08/2025 19:05:35
New DB name:   C:\Users\Kriti\Desktop\Prof. Xuan lab work\Roary python files\py files\command_line\output\blast_final_results\db_ECOR47_PROKKA
New DB title:  ./data/input/genome_fasta_files/ECOR47_PROKKA.fasta
Sequence type: Nucleotide
Deleted existing Nucleotide BLAST database named C:\Users\Kriti\Desktop\Prof. Xuan lab work\Roary python files\py files\command_line\output\blast_final_results\db_ECOR47_PROKKA
Keep MBits: T
Maximum file size: 3000000000B
Adding sequences from FASTA; added 66 sequences in 0.0209347 seconds.


BLAST Database error: Database memory map file error


Building a new DB, current time: 06/08/2025 19:05:38
New DB name:   C:\Users\Kriti\Desktop\Prof. Xuan lab work\Roary python files\py files\command_line\output\blast_final_results\db_ECOR47_PROKKA
New DB title:  ./data/input/genome_fasta_files/ECOR47_PROKKA.fasta
Sequence type: Nucleotide
Deleted existing Nucleotide BLAST database named C:\Users\Kriti\Desktop\Prof. Xuan lab work\Roary python files\py files\command_line\output\blast_final_results\db_ECOR47_PROKKA
Keep MBits: T
Maximum file size: 3000000000B
Adding sequences from FASTA; added 66 sequences in 0.0249428 seconds.


BLAST Database error: Database memory map file error


Building a new DB, current time: 06/08/2025 19:05:39
New DB name:   C:\Users\Kriti\Desktop\Prof. Xuan lab work\Roary python files\py files\command_line\output\blast_final_results\db_ECOR47_PROKKA
New DB title:  ./data/input/genome_fasta_files/ECOR47_PROKKA.fasta
Sequence type: Nucleotide
Deleted existing Nucleotide BLAST database named C:\Users\Kriti\Desktop\Prof. Xuan lab work\Roary python files\py files\command_line\output\blast_final_results\db_ECOR47_PROKKA
Keep MBits: T
Maximum file size: 3000000000B
Adding sequences from FASTA; added 66 sequences in 0.0299257 seconds.


BLAST Database error: Database memory map file error


Building a new DB, current time: 06/08/2025 19:05:42
New DB name:   C:\Users\Kriti\Desktop\Prof. Xuan lab work\Roary python files\py files\command_line\output\blast_final_results\db_ECOR47_PROKKA
New DB title:  ./data/input/genome_fasta_files/ECOR47_PROKKA.fasta
Sequence type: Nucleotide
Deleted existing Nucleotide BLAST database named C:\Users\Kriti\Desktop\Prof. Xuan lab work\Roary python files\py files\command_line\output\blast_final_results\db_ECOR47_PROKKA
Keep MBits: T
Maximum file size: 3000000000B
Adding sequences from FASTA; added 66 sequences in 0.0286064 seconds.


BLAST Database error: Database memory map file error


Building a new DB, current time: 06/08/2025 19:05:44
New DB name:   C:\Users\Kriti\Desktop\Prof. Xuan lab work\Roary python files\py files\command_line\output\blast_final_results\db_ECOR47_PROKKA
New DB title:  ./data/input/genome_fasta_files/ECOR47_PROKKA.fasta
Sequence type: Nucleotide
Deleted existing Nucleotide BLAST database named C:\Users\Kriti\Desktop\Prof. Xuan lab work\Roary python files\py files\command_line\output\blast_final_results\db_ECOR47_PROKKA
Keep MBits: T
Maximum file size: 3000000000B
Adding sequences from FASTA; added 66 sequences in 0.0287539 seconds.


BLAST Database error: Database memory map file error


Building a new DB, current time: 06/08/2025 19:05:47
New DB name:   C:\Users\Kriti\Desktop\Prof. Xuan lab work\Roary python files\py files\command_line\output\blast_final_results\db_ECOR47_PROKKA
New DB title:  ./data/input/genome_fasta_files/ECOR47_PROKKA.fasta
Sequence type: Nucleotide
Deleted existing Nucleotide BLAST database named C:\Users\Kriti\Desktop\Prof. Xuan lab work\Roary python files\py files\command_line\output\blast_final_results\db_ECOR47_PROKKA
Keep MBits: T
Maximum file size: 3000000000B
Adding sequences from FASTA; added 66 sequences in 0.0314384 seconds.


BLAST Database error: Database memory map file error


Building a new DB, current time: 06/08/2025 19:05:50
New DB name:   C:\Users\Kriti\Desktop\Prof. Xuan lab work\Roary python files\py files\command_line\output\blast_final_results\db_ECOR47_PROKKA
New DB title:  ./data/input/genome_fasta_files/ECOR47_PROKKA.fasta
Sequence type: Nucleotide
Deleted existing Nucleotide BLAST database named C:\Users\Kriti\Desktop\Prof. Xuan lab work\Roary python files\py files\command_line\output\blast_final_results\db_ECOR47_PROKKA
Keep MBits: T
Maximum file size: 3000000000B
Adding sequences from FASTA; added 66 sequences in 0.0198464 seconds.


BLAST Database error: Database memory map file error


Building a new DB, current time: 06/08/2025 19:05:53
New DB name:   C:\Users\Kriti\Desktop\Prof. Xuan lab work\Roary python files\py files\command_line\output\blast_final_results\db_ECOR47_PROKKA
New DB title:  ./data/input/genome_fasta_files/ECOR47_PROKKA.fasta
Sequence type: Nucleotide
Deleted existing Nucleotide BLAST database named C:\Users\Kriti\Desktop\Prof. Xuan lab work\Roary python files\py files\command_line\output\blast_final_results\db_ECOR47_PROKKA
Keep MBits: T
Maximum file size: 3000000000B
Adding sequences from FASTA; added 66 sequences in 0.0250286 seconds.


BLAST Database error: Database memory map file error


Building a new DB, current time: 06/08/2025 19:05:57
New DB name:   C:\Users\Kriti\Desktop\Prof. Xuan lab work\Roary python files\py files\command_line\output\blast_final_results\db_ECOR47_PROKKA
New DB title:  ./data/input/genome_fasta_files/ECOR47_PROKKA.fasta
Sequence type: Nucleotide
Deleted existing Nucleotide BLAST database named C:\Users\Kriti\Desktop\Prof. Xuan lab work\Roary python files\py files\command_line\output\blast_final_results\db_ECOR47_PROKKA
Keep MBits: T
Maximum file size: 3000000000B
Adding sequences from FASTA; added 66 sequences in 0.0213567 seconds.


BLAST Database error: Database memory map file error


Building a new DB, current time: 06/08/2025 19:05:59
New DB name:   C:\Users\Kriti\Desktop\Prof. Xuan lab work\Roary python files\py files\command_line\output\blast_final_results\db_ECOR47_PROKKA
New DB title:  ./data/input/genome_fasta_files/ECOR47_PROKKA.fasta
Sequence type: Nucleotide
Deleted existing Nucleotide BLAST database named C:\Users\Kriti\Desktop\Prof. Xuan lab work\Roary python files\py files\command_line\output\blast_final_results\db_ECOR47_PROKKA
Keep MBits: T
Maximum file size: 3000000000B
Adding sequences from FASTA; added 66 sequences in 0.0210322 seconds.


BLAST Database error: Database memory map file error


Building a new DB, current time: 06/08/2025 19:06:02
New DB name:   C:\Users\Kriti\Desktop\Prof. Xuan lab work\Roary python files\py files\command_line\output\blast_final_results\db_ECOR47_PROKKA
New DB title:  ./data/input/genome_fasta_files/ECOR47_PROKKA.fasta
Sequence type: Nucleotide
Deleted existing Nucleotide BLAST database named C:\Users\Kriti\Desktop\Prof. Xuan lab work\Roary python files\py files\command_line\output\blast_final_results\db_ECOR47_PROKKA
Keep MBits: T
Maximum file size: 3000000000B
Adding sequences from FASTA; added 66 sequences in 0.0230369 seconds.


BLAST Database error: Database memory map file error


Building a new DB, current time: 06/08/2025 19:06:04
New DB name:   C:\Users\Kriti\Desktop\Prof. Xuan lab work\Roary python files\py files\command_line\output\blast_final_results\db_ECOR47_PROKKA
New DB title:  ./data/input/genome_fasta_files/ECOR47_PROKKA.fasta
Sequence type: Nucleotide
Deleted existing Nucleotide BLAST database named C:\Users\Kriti\Desktop\Prof. Xuan lab work\Roary python files\py files\command_line\output\blast_final_results\db_ECOR47_PROKKA
Keep MBits: T
Maximum file size: 3000000000B
Adding sequences from FASTA; added 66 sequences in 0.0240555 seconds.


BLAST Database error: Database memory map file error


Building a new DB, current time: 06/08/2025 19:06:07
New DB name:   C:\Users\Kriti\Desktop\Prof. Xuan lab work\Roary python files\py files\command_line\output\blast_final_results\db_ECOR47_PROKKA
New DB title:  ./data/input/genome_fasta_files/ECOR47_PROKKA.fasta
Sequence type: Nucleotide
Deleted existing Nucleotide BLAST database named C:\Users\Kriti\Desktop\Prof. Xuan lab work\Roary python files\py files\command_line\output\blast_final_results\db_ECOR47_PROKKA
Keep MBits: T
Maximum file size: 3000000000B
Adding sequences from FASTA; added 66 sequences in 0.0236678 seconds.


BLAST Database error: Database memory map file error


Building a new DB, current time: 06/08/2025 19:06:09
New DB name:   C:\Users\Kriti\Desktop\Prof. Xuan lab work\Roary python files\py files\command_line\output\blast_final_results\db_ECOR47_PROKKA
New DB title:  ./data/input/genome_fasta_files/ECOR47_PROKKA.fasta
Sequence type: Nucleotide
Deleted existing Nucleotide BLAST database named C:\Users\Kriti\Desktop\Prof. Xuan lab work\Roary python files\py files\command_line\output\blast_final_results\db_ECOR47_PROKKA
Keep MBits: T
Maximum file size: 3000000000B
Adding sequences from FASTA; added 66 sequences in 0.026198 seconds.


BLAST Database error: Database memory map file error


Building a new DB, current time: 06/08/2025 19:06:11
New DB name:   C:\Users\Kriti\Desktop\Prof. Xuan lab work\Roary python files\py files\command_line\output\blast_final_results\db_ECOR47_PROKKA
New DB title:  ./data/input/genome_fasta_files/ECOR47_PROKKA.fasta
Sequence type: Nucleotide
Deleted existing Nucleotide BLAST database named C:\Users\Kriti\Desktop\Prof. Xuan lab work\Roary python files\py files\command_line\output\blast_final_results\db_ECOR47_PROKKA
Keep MBits: T
Maximum file size: 3000000000B
Adding sequences from FASTA; added 66 sequences in 0.0210711 seconds.


BLAST Database error: Database memory map file error


Building a new DB, current time: 06/08/2025 19:06:12
New DB name:   C:\Users\Kriti\Desktop\Prof. Xuan lab work\Roary python files\py files\command_line\output\blast_final_results\db_ECOR47_PROKKA
New DB title:  ./data/input/genome_fasta_files/ECOR47_PROKKA.fasta
Sequence type: Nucleotide
Deleted existing Nucleotide BLAST database named C:\Users\Kriti\Desktop\Prof. Xuan lab work\Roary python files\py files\command_line\output\blast_final_results\db_ECOR47_PROKKA
Keep MBits: T
Maximum file size: 3000000000B
Adding sequences from FASTA; added 66 sequences in 0.0223441 seconds.


BLAST Database error: Database memory map file error


Building a new DB, current time: 06/08/2025 19:06:14
New DB name:   C:\Users\Kriti\Desktop\Prof. Xuan lab work\Roary python files\py files\command_line\output\blast_final_results\db_ECOR47_PROKKA
New DB title:  ./data/input/genome_fasta_files/ECOR47_PROKKA.fasta
Sequence type: Nucleotide
Deleted existing Nucleotide BLAST database named C:\Users\Kriti\Desktop\Prof. Xuan lab work\Roary python files\py files\command_line\output\blast_final_results\db_ECOR47_PROKKA
Keep MBits: T
Maximum file size: 3000000000B
Adding sequences from FASTA; added 66 sequences in 0.0265539 seconds.


BLAST Database error: Database memory map file error


Building a new DB, current time: 06/08/2025 19:06:17
New DB name:   C:\Users\Kriti\Desktop\Prof. Xuan lab work\Roary python files\py files\command_line\output\blast_final_results\db_ECOR47_PROKKA
New DB title:  ./data/input/genome_fasta_files/ECOR47_PROKKA.fasta
Sequence type: Nucleotide
Deleted existing Nucleotide BLAST database named C:\Users\Kriti\Desktop\Prof. Xuan lab work\Roary python files\py files\command_line\output\blast_final_results\db_ECOR47_PROKKA
Keep MBits: T
Maximum file size: 3000000000B
Adding sequences from FASTA; added 66 sequences in 0.0245793 seconds.


BLAST Database error: Database memory map file error


Building a new DB, current time: 06/08/2025 19:06:19
New DB name:   C:\Users\Kriti\Desktop\Prof. Xuan lab work\Roary python files\py files\command_line\output\blast_final_results\db_ECOR47_PROKKA
New DB title:  ./data/input/genome_fasta_files/ECOR47_PROKKA.fasta
Sequence type: Nucleotide
Deleted existing Nucleotide BLAST database named C:\Users\Kriti\Desktop\Prof. Xuan lab work\Roary python files\py files\command_line\output\blast_final_results\db_ECOR47_PROKKA
Keep MBits: T
Maximum file size: 3000000000B
Adding sequences from FASTA; added 66 sequences in 0.0197088 seconds.


BLAST Database error: Database memory map file error


Building a new DB, current time: 06/08/2025 19:06:20
New DB name:   C:\Users\Kriti\Desktop\Prof. Xuan lab work\Roary python files\py files\command_line\output\blast_final_results\db_ECOR47_PROKKA
New DB title:  ./data/input/genome_fasta_files/ECOR47_PROKKA.fasta
Sequence type: Nucleotide
Deleted existing Nucleotide BLAST database named C:\Users\Kriti\Desktop\Prof. Xuan lab work\Roary python files\py files\command_line\output\blast_final_results\db_ECOR47_PROKKA
Keep MBits: T
Maximum file size: 3000000000B
Adding sequences from FASTA; added 66 sequences in 0.0209522 seconds.


BLAST Database error: Database memory map file error


Building a new DB, current time: 06/08/2025 19:06:22
New DB name:   C:\Users\Kriti\Desktop\Prof. Xuan lab work\Roary python files\py files\command_line\output\blast_final_results\db_ECOR47_PROKKA
New DB title:  ./data/input/genome_fasta_files/ECOR47_PROKKA.fasta
Sequence type: Nucleotide
Deleted existing Nucleotide BLAST database named C:\Users\Kriti\Desktop\Prof. Xuan lab work\Roary python files\py files\command_line\output\blast_final_results\db_ECOR47_PROKKA
Keep MBits: T
Maximum file size: 3000000000B
Adding sequences from FASTA; added 66 sequences in 0.0291104 seconds.


BLAST Database error: Database memory map file error


Building a new DB, current time: 06/08/2025 19:06:26
New DB name:   C:\Users\Kriti\Desktop\Prof. Xuan lab work\Roary python files\py files\command_line\output\blast_final_results\db_ECOR47_PROKKA
New DB title:  ./data/input/genome_fasta_files/ECOR47_PROKKA.fasta
Sequence type: Nucleotide
Deleted existing Nucleotide BLAST database named C:\Users\Kriti\Desktop\Prof. Xuan lab work\Roary python files\py files\command_line\output\blast_final_results\db_ECOR47_PROKKA
Keep MBits: T
Maximum file size: 3000000000B
Adding sequences from FASTA; added 66 sequences in 0.0221985 seconds.


BLAST Database error: Database memory map file error


Building a new DB, current time: 06/08/2025 19:06:28
New DB name:   C:\Users\Kriti\Desktop\Prof. Xuan lab work\Roary python files\py files\command_line\output\blast_final_results\db_ECOR47_PROKKA
New DB title:  ./data/input/genome_fasta_files/ECOR47_PROKKA.fasta
Sequence type: Nucleotide
Deleted existing Nucleotide BLAST database named C:\Users\Kriti\Desktop\Prof. Xuan lab work\Roary python files\py files\command_line\output\blast_final_results\db_ECOR47_PROKKA
Keep MBits: T
Maximum file size: 3000000000B
Adding sequences from FASTA; added 66 sequences in 0.023014 seconds.


BLAST Database error: Database memory map file error


Building a new DB, current time: 06/08/2025 19:06:31
New DB name:   C:\Users\Kriti\Desktop\Prof. Xuan lab work\Roary python files\py files\command_line\output\blast_final_results\db_ECOR47_PROKKA
New DB title:  ./data/input/genome_fasta_files/ECOR47_PROKKA.fasta
Sequence type: Nucleotide
Deleted existing Nucleotide BLAST database named C:\Users\Kriti\Desktop\Prof. Xuan lab work\Roary python files\py files\command_line\output\blast_final_results\db_ECOR47_PROKKA
Keep MBits: T
Maximum file size: 3000000000B
Adding sequences from FASTA; added 66 sequences in 0.0224343 seconds.


BLAST Database error: Database memory map file error


Building a new DB, current time: 06/08/2025 19:06:32
New DB name:   C:\Users\Kriti\Desktop\Prof. Xuan lab work\Roary python files\py files\command_line\output\blast_final_results\db_ECOR47_PROKKA
New DB title:  ./data/input/genome_fasta_files/ECOR47_PROKKA.fasta
Sequence type: Nucleotide
Deleted existing Nucleotide BLAST database named C:\Users\Kriti\Desktop\Prof. Xuan lab work\Roary python files\py files\command_line\output\blast_final_results\db_ECOR47_PROKKA
Keep MBits: T
Maximum file size: 3000000000B
Adding sequences from FASTA; added 66 sequences in 0.0237416 seconds.


BLAST Database error: Database memory map file error


Building a new DB, current time: 06/08/2025 19:06:34
New DB name:   C:\Users\Kriti\Desktop\Prof. Xuan lab work\Roary python files\py files\command_line\output\blast_final_results\db_ECOR47_PROKKA
New DB title:  ./data/input/genome_fasta_files/ECOR47_PROKKA.fasta
Sequence type: Nucleotide
Deleted existing Nucleotide BLAST database named C:\Users\Kriti\Desktop\Prof. Xuan lab work\Roary python files\py files\command_line\output\blast_final_results\db_ECOR47_PROKKA
Keep MBits: T
Maximum file size: 3000000000B
Adding sequences from FASTA; added 66 sequences in 0.0213145 seconds.


BLAST Database error: Database memory map file error


Building a new DB, current time: 06/08/2025 19:06:35
New DB name:   C:\Users\Kriti\Desktop\Prof. Xuan lab work\Roary python files\py files\command_line\output\blast_final_results\db_ECOR47_PROKKA
New DB title:  ./data/input/genome_fasta_files/ECOR47_PROKKA.fasta
Sequence type: Nucleotide
Deleted existing Nucleotide BLAST database named C:\Users\Kriti\Desktop\Prof. Xuan lab work\Roary python files\py files\command_line\output\blast_final_results\db_ECOR47_PROKKA
Keep MBits: T
Maximum file size: 3000000000B
Adding sequences from FASTA; added 66 sequences in 0.0212358 seconds.


BLAST Database error: Database memory map file error


Building a new DB, current time: 06/08/2025 19:06:37
New DB name:   C:\Users\Kriti\Desktop\Prof. Xuan lab work\Roary python files\py files\command_line\output\blast_final_results\db_ECOR47_PROKKA
New DB title:  ./data/input/genome_fasta_files/ECOR47_PROKKA.fasta
Sequence type: Nucleotide
Deleted existing Nucleotide BLAST database named C:\Users\Kriti\Desktop\Prof. Xuan lab work\Roary python files\py files\command_line\output\blast_final_results\db_ECOR47_PROKKA
Keep MBits: T
Maximum file size: 3000000000B
Adding sequences from FASTA; added 66 sequences in 0.0223096 seconds.


BLAST Database error: Database memory map file error


Building a new DB, current time: 06/08/2025 19:06:39
New DB name:   C:\Users\Kriti\Desktop\Prof. Xuan lab work\Roary python files\py files\command_line\output\blast_final_results\db_ECOR47_PROKKA
New DB title:  ./data/input/genome_fasta_files/ECOR47_PROKKA.fasta
Sequence type: Nucleotide
Deleted existing Nucleotide BLAST database named C:\Users\Kriti\Desktop\Prof. Xuan lab work\Roary python files\py files\command_line\output\blast_final_results\db_ECOR47_PROKKA
Keep MBits: T
Maximum file size: 3000000000B
Adding sequences from FASTA; added 66 sequences in 0.0333189 seconds.


BLAST Database error: Database memory map file error


Building a new DB, current time: 06/08/2025 19:06:40
New DB name:   C:\Users\Kriti\Desktop\Prof. Xuan lab work\Roary python files\py files\command_line\output\blast_final_results\db_ECOR47_PROKKA
New DB title:  ./data/input/genome_fasta_files/ECOR47_PROKKA.fasta
Sequence type: Nucleotide
Deleted existing Nucleotide BLAST database named C:\Users\Kriti\Desktop\Prof. Xuan lab work\Roary python files\py files\command_line\output\blast_final_results\db_ECOR47_PROKKA
Keep MBits: T
Maximum file size: 3000000000B
Adding sequences from FASTA; added 66 sequences in 0.0205269 seconds.


BLAST Database error: Database memory map file error


Building a new DB, current time: 06/08/2025 19:06:42
New DB name:   C:\Users\Kriti\Desktop\Prof. Xuan lab work\Roary python files\py files\command_line\output\blast_final_results\db_ECOR47_PROKKA
New DB title:  ./data/input/genome_fasta_files/ECOR47_PROKKA.fasta
Sequence type: Nucleotide
Deleted existing Nucleotide BLAST database named C:\Users\Kriti\Desktop\Prof. Xuan lab work\Roary python files\py files\command_line\output\blast_final_results\db_ECOR47_PROKKA
Keep MBits: T
Maximum file size: 3000000000B
Adding sequences from FASTA; added 66 sequences in 0.0240453 seconds.


BLAST Database error: Database memory map file error


Building a new DB, current time: 06/08/2025 19:06:45
New DB name:   C:\Users\Kriti\Desktop\Prof. Xuan lab work\Roary python files\py files\command_line\output\blast_final_results\db_ECOR47_PROKKA
New DB title:  ./data/input/genome_fasta_files/ECOR47_PROKKA.fasta
Sequence type: Nucleotide
Deleted existing Nucleotide BLAST database named C:\Users\Kriti\Desktop\Prof. Xuan lab work\Roary python files\py files\command_line\output\blast_final_results\db_ECOR47_PROKKA
Keep MBits: T
Maximum file size: 3000000000B
Adding sequences from FASTA; added 66 sequences in 0.0227235 seconds.


BLAST Database error: Database memory map file error


Building a new DB, current time: 06/08/2025 19:06:46
New DB name:   C:\Users\Kriti\Desktop\Prof. Xuan lab work\Roary python files\py files\command_line\output\blast_final_results\db_ECOR47_PROKKA
New DB title:  ./data/input/genome_fasta_files/ECOR47_PROKKA.fasta
Sequence type: Nucleotide
Deleted existing Nucleotide BLAST database named C:\Users\Kriti\Desktop\Prof. Xuan lab work\Roary python files\py files\command_line\output\blast_final_results\db_ECOR47_PROKKA
Keep MBits: T
Maximum file size: 3000000000B
Adding sequences from FASTA; added 66 sequences in 0.0269334 seconds.


BLAST Database error: Database memory map file error


Building a new DB, current time: 06/08/2025 19:06:49
New DB name:   C:\Users\Kriti\Desktop\Prof. Xuan lab work\Roary python files\py files\command_line\output\blast_final_results\db_ECOR47_PROKKA
New DB title:  ./data/input/genome_fasta_files/ECOR47_PROKKA.fasta
Sequence type: Nucleotide
Deleted existing Nucleotide BLAST database named C:\Users\Kriti\Desktop\Prof. Xuan lab work\Roary python files\py files\command_line\output\blast_final_results\db_ECOR47_PROKKA
Keep MBits: T
Maximum file size: 3000000000B
Adding sequences from FASTA; added 66 sequences in 0.0227913 seconds.


BLAST Database error: Database memory map file error


Building a new DB, current time: 06/08/2025 19:06:52
New DB name:   C:\Users\Kriti\Desktop\Prof. Xuan lab work\Roary python files\py files\command_line\output\blast_final_results\db_ECOR47_PROKKA
New DB title:  ./data/input/genome_fasta_files/ECOR47_PROKKA.fasta
Sequence type: Nucleotide
Deleted existing Nucleotide BLAST database named C:\Users\Kriti\Desktop\Prof. Xuan lab work\Roary python files\py files\command_line\output\blast_final_results\db_ECOR47_PROKKA
Keep MBits: T
Maximum file size: 3000000000B
Adding sequences from FASTA; added 66 sequences in 0.0289088 seconds.


BLAST Database error: Database memory map file error


Building a new DB, current time: 06/08/2025 19:06:56
New DB name:   C:\Users\Kriti\Desktop\Prof. Xuan lab work\Roary python files\py files\command_line\output\blast_final_results\db_ECOR47_PROKKA
New DB title:  ./data/input/genome_fasta_files/ECOR47_PROKKA.fasta
Sequence type: Nucleotide
Deleted existing Nucleotide BLAST database named C:\Users\Kriti\Desktop\Prof. Xuan lab work\Roary python files\py files\command_line\output\blast_final_results\db_ECOR47_PROKKA
Keep MBits: T
Maximum file size: 3000000000B
Adding sequences from FASTA; added 66 sequences in 0.0201921 seconds.


BLAST Database error: Database memory map file error


Building a new DB, current time: 06/08/2025 19:06:59
New DB name:   C:\Users\Kriti\Desktop\Prof. Xuan lab work\Roary python files\py files\command_line\output\blast_final_results\db_ECOR47_PROKKA
New DB title:  ./data/input/genome_fasta_files/ECOR47_PROKKA.fasta
Sequence type: Nucleotide
Deleted existing Nucleotide BLAST database named C:\Users\Kriti\Desktop\Prof. Xuan lab work\Roary python files\py files\command_line\output\blast_final_results\db_ECOR47_PROKKA
Keep MBits: T
Maximum file size: 3000000000B
Adding sequences from FASTA; added 66 sequences in 0.0235478 seconds.


BLAST Database error: Database memory map file error


Building a new DB, current time: 06/08/2025 19:07:02
New DB name:   C:\Users\Kriti\Desktop\Prof. Xuan lab work\Roary python files\py files\command_line\output\blast_final_results\db_ECOR47_PROKKA
New DB title:  ./data/input/genome_fasta_files/ECOR47_PROKKA.fasta
Sequence type: Nucleotide
Deleted existing Nucleotide BLAST database named C:\Users\Kriti\Desktop\Prof. Xuan lab work\Roary python files\py files\command_line\output\blast_final_results\db_ECOR47_PROKKA
Keep MBits: T
Maximum file size: 3000000000B
Adding sequences from FASTA; added 66 sequences in 0.0256543 seconds.


BLAST Database error: Database memory map file error


Building a new DB, current time: 06/08/2025 19:07:03
New DB name:   C:\Users\Kriti\Desktop\Prof. Xuan lab work\Roary python files\py files\command_line\output\blast_final_results\db_ECOR47_PROKKA
New DB title:  ./data/input/genome_fasta_files/ECOR47_PROKKA.fasta
Sequence type: Nucleotide
Deleted existing Nucleotide BLAST database named C:\Users\Kriti\Desktop\Prof. Xuan lab work\Roary python files\py files\command_line\output\blast_final_results\db_ECOR47_PROKKA
Keep MBits: T
Maximum file size: 3000000000B
Adding sequences from FASTA; added 66 sequences in 0.0220985 seconds.


BLAST Database error: Database memory map file error


Building a new DB, current time: 06/08/2025 19:07:05
New DB name:   C:\Users\Kriti\Desktop\Prof. Xuan lab work\Roary python files\py files\command_line\output\blast_final_results\db_ECOR47_PROKKA
New DB title:  ./data/input/genome_fasta_files/ECOR47_PROKKA.fasta
Sequence type: Nucleotide
Deleted existing Nucleotide BLAST database named C:\Users\Kriti\Desktop\Prof. Xuan lab work\Roary python files\py files\command_line\output\blast_final_results\db_ECOR47_PROKKA
Keep MBits: T
Maximum file size: 3000000000B
Adding sequences from FASTA; added 66 sequences in 0.0190326 seconds.


BLAST Database error: Database memory map file error


Building a new DB, current time: 06/08/2025 19:07:08
New DB name:   C:\Users\Kriti\Desktop\Prof. Xuan lab work\Roary python files\py files\command_line\output\blast_final_results\db_ECOR47_PROKKA
New DB title:  ./data/input/genome_fasta_files/ECOR47_PROKKA.fasta
Sequence type: Nucleotide
Deleted existing Nucleotide BLAST database named C:\Users\Kriti\Desktop\Prof. Xuan lab work\Roary python files\py files\command_line\output\blast_final_results\db_ECOR47_PROKKA
Keep MBits: T
Maximum file size: 3000000000B
Adding sequences from FASTA; added 66 sequences in 0.0235616 seconds.


BLAST Database error: Database memory map file error


Building a new DB, current time: 06/08/2025 19:07:11
New DB name:   C:\Users\Kriti\Desktop\Prof. Xuan lab work\Roary python files\py files\command_line\output\blast_final_results\db_ECOR47_PROKKA
New DB title:  ./data/input/genome_fasta_files/ECOR47_PROKKA.fasta
Sequence type: Nucleotide
Deleted existing Nucleotide BLAST database named C:\Users\Kriti\Desktop\Prof. Xuan lab work\Roary python files\py files\command_line\output\blast_final_results\db_ECOR47_PROKKA
Keep MBits: T
Maximum file size: 3000000000B
Adding sequences from FASTA; added 66 sequences in 0.0299468 seconds.


BLAST Database error: Database memory map file error


Building a new DB, current time: 06/08/2025 19:07:14
New DB name:   C:\Users\Kriti\Desktop\Prof. Xuan lab work\Roary python files\py files\command_line\output\blast_final_results\db_ECOR47_PROKKA
New DB title:  ./data/input/genome_fasta_files/ECOR47_PROKKA.fasta
Sequence type: Nucleotide
Deleted existing Nucleotide BLAST database named C:\Users\Kriti\Desktop\Prof. Xuan lab work\Roary python files\py files\command_line\output\blast_final_results\db_ECOR47_PROKKA
Keep MBits: T
Maximum file size: 3000000000B
Adding sequences from FASTA; added 66 sequences in 0.0215128 seconds.


BLAST Database error: Database memory map file error
