

Building a new DB, current time: 06/08/2025 19:04:39
New DB name:   C:\Users\Kriti\Desktop\Prof. Xuan lab work\Roary python files\py files\command_line\output\blast_final_results\db_ECOR66_PROKKA
New DB title:  ./data/input/genome_fasta_files/ECOR66_PROKKA.fasta
Sequence type: Nucleotide
Keep MBits: T
Maximum file size: 3000000000B
Adding sequences from FASTA; added 43 sequences in 0.0262907 seconds.


BLAST Database error: Database memory map file error


Building a new DB, current time: 06/08/2025 19:05:42
New DB name:   C:\Users\Kriti\Desktop\Prof. Xuan lab work\Roary python files\py files\command_line\output\blast_final_results\db_ECOR66_PROKKA
New DB title:  ./data/input/genome_fasta_files/ECOR66_PROKKA.fasta
Sequence type: Nucleotide
Deleted existing Nucleotide BLAST database named C:\Users\Kriti\Desktop\Prof. Xuan lab work\Roary python files\py files\command_line\output\blast_final_results\db_ECOR66_PROKKA
Keep MBits: T
Maximum file size: 3000000000B
Adding sequences from FASTA; added 43 sequences in 0.0278164 seconds.


BLAST Database error: Database memory map file error


Building a new DB, current time: 06/08/2025 19:06:08
New DB name:   C:\Users\Kriti\Desktop\Prof. Xuan lab work\Roary python files\py files\command_line\output\blast_final_results\db_ECOR66_PROKKA
New DB title:  ./data/input/genome_fasta_files/ECOR66_PROKKA.fasta
Sequence type: Nucleotide
Deleted existing Nucleotide BLAST database named C:\Users\Kriti\Desktop\Prof. Xuan lab work\Roary python files\py files\command_line\output\blast_final_results\db_ECOR66_PROKKA
Keep MBits: T
Maximum file size: 3000000000B
Adding sequences from FASTA; added 43 sequences in 0.0246467 seconds.


BLAST Database error: Database memory map file error
