

Building a new DB, current time: 06/08/2025 18:57:27
New DB name:   C:\Users\Kriti\Desktop\Prof. Xuan lab work\Roary python files\py files\command_line\output\blast_final_results\db_MG1655
New DB title:  ./data/input/genome_fasta_files/MG1655.fasta
Sequence type: Nucleotide
Keep MBits: T
Maximum file size: 3000000000B
Adding sequences from FASTA; added 1 sequences in 0.0303891 seconds.


BLAST Database error: Database memory map file error


Building a new DB, current time: 06/08/2025 19:03:37
New DB name:   C:\Users\Kriti\Desktop\Prof. Xuan lab work\Roary python files\py files\command_line\output\blast_final_results\db_MG1655
New DB title:  ./data/input/genome_fasta_files/MG1655.fasta
Sequence type: Nucleotide
Deleted existing Nucleotide BLAST database named C:\Users\Kriti\Desktop\Prof. Xuan lab work\Roary python files\py files\command_line\output\blast_final_results\db_MG1655
Keep MBits: T
Maximum file size: 3000000000B
Adding sequences from FASTA; added 1 sequences in 0.0233568 seconds.


BLAST Database error: Database memory map file error


Building a new DB, current time: 06/08/2025 19:03:59
New DB name:   C:\Users\Kriti\Desktop\Prof. Xuan lab work\Roary python files\py files\command_line\output\blast_final_results\db_MG1655
New DB title:  ./data/input/genome_fasta_files/MG1655.fasta
Sequence type: Nucleotide
Deleted existing Nucleotide BLAST database named C:\Users\Kriti\Desktop\Prof. Xuan lab work\Roary python files\py files\command_line\output\blast_final_results\db_MG1655
Keep MBits: T
Maximum file size: 3000000000B
Adding sequences from FASTA; added 1 sequences in 0.0237216 seconds.


BLAST Database error: Database memory map file error


Building a new DB, current time: 06/08/2025 19:04:46
New DB name:   C:\Users\Kriti\Desktop\Prof. Xuan lab work\Roary python files\py files\command_line\output\blast_final_results\db_MG1655
New DB title:  ./data/input/genome_fasta_files/MG1655.fasta
Sequence type: Nucleotide
Deleted existing Nucleotide BLAST database named C:\Users\Kriti\Desktop\Prof. Xuan lab work\Roary python files\py files\command_line\output\blast_final_results\db_MG1655
Keep MBits: T
Maximum file size: 3000000000B
Adding sequences from FASTA; added 1 sequences in 0.0208288 seconds.


BLAST Database error: Database memory map file error


Building a new DB, current time: 06/08/2025 19:05:47
New DB name:   C:\Users\Kriti\Desktop\Prof. Xuan lab work\Roary python files\py files\command_line\output\blast_final_results\db_MG1655
New DB title:  ./data/input/genome_fasta_files/MG1655.fasta
Sequence type: Nucleotide
Deleted existing Nucleotide BLAST database named C:\Users\Kriti\Desktop\Prof. Xuan lab work\Roary python files\py files\command_line\output\blast_final_results\db_MG1655
Keep MBits: T
Maximum file size: 3000000000B
Adding sequences from FASTA; added 1 sequences in 0.0233041 seconds.


BLAST Database error: Database memory map file error
