

Building a new DB, current time: 06/08/2025 19:04:00
New DB name:   C:\Users\Kriti\Desktop\Prof. Xuan lab work\Roary python files\py files\command_line\output\blast_final_results\db_W3110
New DB title:  ./data/input/genome_fasta_files/W3110.fasta
Sequence type: Nucleotide
Keep MBits: T
Maximum file size: 3000000000B
Adding sequences from FASTA; added 1 sequences in 0.0220333 seconds.


BLAST Database error: Database memory map file error


Building a new DB, current time: 06/08/2025 19:05:46
New DB name:   C:\Users\Kriti\Desktop\Prof. Xuan lab work\Roary python files\py files\command_line\output\blast_final_results\db_W3110
New DB title:  ./data/input/genome_fasta_files/W3110.fasta
Sequence type: Nucleotide
Deleted existing Nucleotide BLAST database named C:\Users\Kriti\Desktop\Prof. Xuan lab work\Roary python files\py files\command_line\output\blast_final_results\db_W3110
Keep MBits: T
Maximum file size: 3000000000B
Adding sequences from FASTA; added 1 sequences in 0.0376284 seconds.


BLAST Database error: Database memory map file error


Building a new DB, current time: 06/08/2025 19:06:59
New DB name:   C:\Users\Kriti\Desktop\Prof. Xuan lab work\Roary python files\py files\command_line\output\blast_final_results\db_W3110
New DB title:  ./data/input/genome_fasta_files/W3110.fasta
Sequence type: Nucleotide
Deleted existing Nucleotide BLAST database named C:\Users\Kriti\Desktop\Prof. Xuan lab work\Roary python files\py files\command_line\output\blast_final_results\db_W3110
Keep MBits: T
Maximum file size: 3000000000B
Adding sequences from FASTA; added 1 sequences in 0.021496 seconds.


BLAST Database error: Database memory map file error
