

Building a new DB, current time: 06/08/2025 19:04:43
New DB name:   C:\Users\Kriti\Desktop\Prof. Xuan lab work\Roary python files\py files\command_line\output\blast_final_results\db_KE46
New DB title:  ./data/input/genome_fasta_files/KE46.fasta
Sequence type: Nucleotide
Keep MBits: T
Maximum file size: 3000000000B
Adding sequences from FASTA; added 1 sequences in 0.0256232 seconds.


BLAST Database error: Database memory map file error


Building a new DB, current time: 06/08/2025 19:06:22
New DB name:   C:\Users\Kriti\Desktop\Prof. Xuan lab work\Roary python files\py files\command_line\output\blast_final_results\db_KE46
New DB title:  ./data/input/genome_fasta_files/KE46.fasta
Sequence type: Nucleotide
Deleted existing Nucleotide BLAST database named C:\Users\Kriti\Desktop\Prof. Xuan lab work\Roary python files\py files\command_line\output\blast_final_results\db_KE46
Keep MBits: T
Maximum file size: 3000000000B
Adding sequences from FASTA; added 1 sequences in 0.0245363 seconds.


BLAST Database error: Database memory map file error


Building a new DB, current time: 06/08/2025 19:07:01
New DB name:   C:\Users\Kriti\Desktop\Prof. Xuan lab work\Roary python files\py files\command_line\output\blast_final_results\db_KE46
New DB title:  ./data/input/genome_fasta_files/KE46.fasta
Sequence type: Nucleotide
Deleted existing Nucleotide BLAST database named C:\Users\Kriti\Desktop\Prof. Xuan lab work\Roary python files\py files\command_line\output\blast_final_results\db_KE46
Keep MBits: T
Maximum file size: 3000000000B
Adding sequences from FASTA; added 1 sequences in 0.0215958 seconds.


BLAST Database error: Database memory map file error
