

Building a new DB, current time: 06/08/2025 19:03:47
New DB name:   C:\Users\Kriti\Desktop\Prof. Xuan lab work\Roary python files\py files\command_line\output\blast_final_results\db_CFT073
New DB title:  ./data/input/genome_fasta_files/CFT073.fasta
Sequence type: Nucleotide
Keep MBits: T
Maximum file size: 3000000000B
Adding sequences from FASTA; added 1 sequences in 0.0247126 seconds.


BLAST Database error: Database memory map file error


Building a new DB, current time: 06/08/2025 19:04:35
New DB name:   C:\Users\Kriti\Desktop\Prof. Xuan lab work\Roary python files\py files\command_line\output\blast_final_results\db_CFT073
New DB title:  ./data/input/genome_fasta_files/CFT073.fasta
Sequence type: Nucleotide
Deleted existing Nucleotide BLAST database named C:\Users\Kriti\Desktop\Prof. Xuan lab work\Roary python files\py files\command_line\output\blast_final_results\db_CFT073
Keep MBits: T
Maximum file size: 3000000000B
Adding sequences from FASTA; added 1 sequences in 0.0234896 seconds.


BLAST Database error: Database memory map file error


Building a new DB, current time: 06/08/2025 19:06:03
New DB name:   C:\Users\Kriti\Desktop\Prof. Xuan lab work\Roary python files\py files\command_line\output\blast_final_results\db_CFT073
New DB title:  ./data/input/genome_fasta_files/CFT073.fasta
Sequence type: Nucleotide
Deleted existing Nucleotide BLAST database named C:\Users\Kriti\Desktop\Prof. Xuan lab work\Roary python files\py files\command_line\output\blast_final_results\db_CFT073
Keep MBits: T
Maximum file size: 3000000000B
Adding sequences from FASTA; added 1 sequences in 0.0225776 seconds.


BLAST Database error: Database memory map file error


Building a new DB, current time: 06/08/2025 19:06:48
New DB name:   C:\Users\Kriti\Desktop\Prof. Xuan lab work\Roary python files\py files\command_line\output\blast_final_results\db_CFT073
New DB title:  ./data/input/genome_fasta_files/CFT073.fasta
Sequence type: Nucleotide
Deleted existing Nucleotide BLAST database named C:\Users\Kriti\Desktop\Prof. Xuan lab work\Roary python files\py files\command_line\output\blast_final_results\db_CFT073
Keep MBits: T
Maximum file size: 3000000000B
Adding sequences from FASTA; added 1 sequences in 0.0223131 seconds.


BLAST Database error: Database memory map file error


Building a new DB, current time: 06/08/2025 19:07:14
New DB name:   C:\Users\Kriti\Desktop\Prof. Xuan lab work\Roary python files\py files\command_line\output\blast_final_results\db_CFT073
New DB title:  ./data/input/genome_fasta_files/CFT073.fasta
Sequence type: Nucleotide
Deleted existing Nucleotide BLAST database named C:\Users\Kriti\Desktop\Prof. Xuan lab work\Roary python files\py files\command_line\output\blast_final_results\db_CFT073
Keep MBits: T
Maximum file size: 3000000000B
Adding sequences from FASTA; added 1 sequences in 0.0222241 seconds.


BLAST Database error: Database memory map file error
